[2022-04-12T21:02:23.409] [DEBUG] cheese - login => username:zs,password:123456
[2022-04-12T21:02:23.419] [DEBUG] cheese - zs
[2022-04-12T21:05:33.567] [DEBUG] cheese - login => username:zs,password:123456
[2022-04-12T21:05:33.567] [DEBUG] cheese - zs
[2022-04-12T21:05:33.583] [DEBUG] cheese - login => username:zs,password:123456
[2022-04-12T21:05:33.584] [DEBUG] cheese - zs
[2022-04-12T21:05:33.587] [DEBUG] cheese - null
[2022-04-12T21:05:33.588] [DEBUG] cheese - null
[2022-04-12T21:05:33.597] [DEBUG] cheese - null
[2022-04-12T21:05:33.598] [DEBUG] cheese - null
[2022-04-12T21:05:33.599] [DEBUG] cheese - null
[2022-04-12T21:05:33.599] [DEBUG] cheese - null
[2022-04-12T21:05:54.591] [DEBUG] cheese - login => username:zs,password:123456
[2022-04-12T21:05:54.592] [DEBUG] cheese - zs
[2022-04-12T21:05:54.605] [DEBUG] cheese - null
[2022-04-12T21:05:54.605] [DEBUG] cheese - null
[2022-04-12T21:06:10.212] [DEBUG] cheese - login => username:admin,password:123456
[2022-04-12T21:06:10.213] [DEBUG] cheese - admin
[2022-04-12T21:06:10.219] [DEBUG] cheese - null
[2022-04-12T21:06:10.219] [DEBUG] cheese - null
[2022-04-13T16:51:45.199] [DEBUG] cheese - login => username:admin,password:666666
[2022-04-13T16:51:45.201] [DEBUG] cheese - admin
[2022-04-13T16:51:45.293] [DEBUG] cheese - null
[2022-04-13T16:51:45.293] [DEBUG] cheese - null
[2022-04-13T16:52:20.112] [DEBUG] cheese - login => username:admin,password:666666
[2022-04-13T16:52:20.112] [DEBUG] cheese - admin
[2022-04-13T16:52:20.117] [DEBUG] cheese - null
[2022-04-13T16:52:20.118] [DEBUG] cheese - null
[2022-04-13T16:53:16.245] [DEBUG] cheese - login => username:admin,password:666666
[2022-04-13T16:53:16.245] [DEBUG] cheese - admin
[2022-04-13T16:53:16.250] [DEBUG] cheese - null
[2022-04-13T16:53:16.250] [DEBUG] cheese - null
[2022-04-13T16:53:19.633] [DEBUG] cheese - login => username:admin,password:666666
[2022-04-13T16:53:19.633] [DEBUG] cheese - admin
[2022-04-13T16:53:19.636] [DEBUG] cheese - null
[2022-04-13T16:53:19.636] [DEBUG] cheese - null
[2022-04-13T16:54:39.028] [DEBUG] cheese - login => username:admin,password:666666
[2022-04-13T16:54:39.029] [DEBUG] cheese - admin
[2022-04-13T16:54:39.035] [DEBUG] cheese - null
[2022-04-13T16:54:39.035] [DEBUG] cheese - null
[2022-04-13T16:54:40.991] [DEBUG] cheese - login => username:admin,password:666666
[2022-04-13T16:54:40.991] [DEBUG] cheese - admin
[2022-04-13T16:54:40.996] [DEBUG] cheese - null
[2022-04-13T16:54:40.997] [DEBUG] cheese - null
[2022-04-13T16:54:41.812] [DEBUG] cheese - login => username:admin,password:666666
[2022-04-13T16:54:41.813] [DEBUG] cheese - admin
[2022-04-13T16:54:41.816] [DEBUG] cheese - null
[2022-04-13T16:54:41.816] [DEBUG] cheese - null
[2022-04-13T16:54:47.297] [DEBUG] cheese - login => username:admin,password:123456
[2022-04-13T16:54:47.297] [DEBUG] cheese - admin
[2022-04-13T16:54:47.300] [DEBUG] cheese - null
[2022-04-13T16:54:47.300] [DEBUG] cheese - null
[2022-04-13T16:54:48.371] [DEBUG] cheese - login => username:admin,password:123456
[2022-04-13T16:54:48.371] [DEBUG] cheese - admin
[2022-04-13T16:54:48.375] [DEBUG] cheese - null
[2022-04-13T16:54:48.375] [DEBUG] cheese - null
[2022-04-13T16:57:58.328] [DEBUG] cheese - login => username:admin,password:666666
[2022-04-13T16:57:58.328] [DEBUG] cheese - admin
[2022-04-13T16:57:58.369] [DEBUG] cheese - null
[2022-04-13T16:57:58.369] [DEBUG] cheese - null
[2022-04-13T16:57:59.470] [DEBUG] cheese - login => username:admin,password:666666
[2022-04-13T16:57:59.471] [DEBUG] cheese - admin
[2022-04-13T16:57:59.474] [DEBUG] cheese - null
[2022-04-13T16:57:59.475] [DEBUG] cheese - null
[2022-04-13T16:58:02.555] [DEBUG] cheese - login => username:admin,password:123456
[2022-04-13T16:58:02.555] [DEBUG] cheese - admin
[2022-04-13T16:58:02.557] [DEBUG] cheese - null
[2022-04-13T16:58:02.557] [DEBUG] cheese - null
[2022-04-13T17:01:47.047] [DEBUG] cheese - login => username:admin,password:123456
[2022-04-13T17:01:47.047] [DEBUG] cheese - admin
[2022-04-13T17:01:47.061] [DEBUG] cheese - null
[2022-04-13T17:01:47.061] [DEBUG] cheese - null
[2022-04-13T17:03:01.321] [DEBUG] cheese - login => username:admin,password:123456q
[2022-04-13T17:03:01.321] [DEBUG] cheese - admin
[2022-04-13T17:03:01.330] [DEBUG] cheese - null
[2022-04-13T17:03:01.330] [DEBUG] cheese - null
[2022-04-13T17:03:04.301] [DEBUG] cheese - login => username:admin,password:123456
[2022-04-13T17:03:04.301] [DEBUG] cheese - admin
[2022-04-13T17:03:04.303] [DEBUG] cheese - null
[2022-04-13T17:03:04.303] [DEBUG] cheese - null
[2022-04-13T17:04:07.055] [DEBUG] cheese - login => username:admin,password:123456
[2022-04-13T17:04:07.055] [DEBUG] cheese - admin
[2022-04-13T17:04:07.065] [DEBUG] cheese - null
[2022-04-13T17:04:07.065] [DEBUG] cheese - null
[2022-04-13T17:42:59.534] [DEBUG] cheese - login => username:admin,password:123456
[2022-04-13T17:42:59.535] [DEBUG] cheese - admin
[2022-04-13T17:42:59.558] [DEBUG] cheese - null
[2022-04-13T17:42:59.558] [DEBUG] cheese - null
[2022-04-13T17:49:06.816] [DEBUG] cheese - login => username:admin,password:123456
[2022-04-13T17:49:06.817] [DEBUG] cheese - admin
[2022-04-13T17:49:06.820] [DEBUG] cheese - null
[2022-04-13T17:49:06.821] [DEBUG] cheese - null
[2022-04-13T17:49:10.265] [DEBUG] cheese - login => username:admin,password:123456
[2022-04-13T17:49:10.265] [DEBUG] cheese - admin
[2022-04-13T17:49:10.268] [DEBUG] cheese - null
[2022-04-13T17:49:10.268] [DEBUG] cheese - null
[2022-04-13T17:49:20.270] [DEBUG] cheese - login => username:admin,password:123456
[2022-04-13T17:49:20.270] [DEBUG] cheese - admin
[2022-04-13T17:49:20.274] [DEBUG] cheese - null
[2022-04-13T17:49:20.274] [DEBUG] cheese - null
[2022-04-13T17:49:57.525] [DEBUG] cheese - login => username:admin,password:123456
[2022-04-13T17:49:57.526] [DEBUG] cheese - admin
[2022-04-13T17:49:57.528] [DEBUG] cheese - null
[2022-04-13T17:49:57.529] [DEBUG] cheese - null
[2022-04-13T17:52:51.841] [DEBUG] cheese - login => username:admin,password:123456
[2022-04-13T17:52:51.841] [DEBUG] cheese - admin
[2022-04-13T17:52:51.843] [DEBUG] cheese - null
[2022-04-13T17:52:51.844] [DEBUG] cheese - null
[2022-04-13T17:53:01.385] [DEBUG] cheese - login => username:admin,password:123456
[2022-04-13T17:53:01.385] [DEBUG] cheese - admin
[2022-04-13T17:53:01.388] [DEBUG] cheese - null
[2022-04-13T17:53:01.388] [DEBUG] cheese - null
[2022-04-13T18:08:21.962] [DEBUG] cheese - login => username:admin,password:123456
[2022-04-13T18:08:21.963] [DEBUG] cheese - admin
[2022-04-13T18:08:21.995] [DEBUG] cheese - null
[2022-04-13T18:08:21.995] [DEBUG] cheese - null
[2022-04-13T18:13:30.068] [DEBUG] cheese - login => username:admin,password:123456
[2022-04-13T18:13:30.068] [DEBUG] cheese - admin
[2022-04-13T18:13:30.085] [DEBUG] cheese - null
[2022-04-13T18:13:30.085] [DEBUG] cheese - null
[2022-04-13T19:56:13.576] [DEBUG] cheese - login => username:admin,password:123456
[2022-04-13T19:56:13.577] [DEBUG] cheese - admin
[2022-04-13T19:56:13.585] [DEBUG] cheese - null
[2022-04-13T19:56:13.585] [DEBUG] cheese - null
[2022-04-13T20:00:45.691] [DEBUG] cheese - login => username:admin,password:123456
[2022-04-13T20:00:45.691] [DEBUG] cheese - admin
[2022-04-13T20:00:45.696] [DEBUG] cheese - null
[2022-04-13T20:00:45.696] [DEBUG] cheese - null
[2022-04-13T20:02:41.482] [DEBUG] cheese - login => username:admin,password:123456
[2022-04-13T20:02:41.483] [DEBUG] cheese - admin
[2022-04-13T20:02:41.485] [DEBUG] cheese - null
[2022-04-13T20:02:41.485] [DEBUG] cheese - null
[2022-04-13T20:03:10.751] [DEBUG] cheese - login => username:admin,password:123456
[2022-04-13T20:03:10.751] [DEBUG] cheese - admin
[2022-04-13T20:03:10.754] [DEBUG] cheese - null
[2022-04-13T20:03:10.754] [DEBUG] cheese - null
[2022-04-13T20:45:49.677] [DEBUG] cheese - login => username:admin,password:123456
[2022-04-13T20:45:49.678] [DEBUG] cheese - admin
[2022-04-13T20:45:49.682] [DEBUG] cheese - null
[2022-04-13T20:45:49.683] [DEBUG] cheese - null
[2022-04-13T20:49:20.557] [DEBUG] cheese - login => username:admin,password:123456
[2022-04-13T20:49:20.557] [DEBUG] cheese - admin
[2022-04-13T20:49:20.559] [DEBUG] cheese - null
[2022-04-13T20:49:20.559] [DEBUG] cheese - null
[2022-04-13T20:56:36.656] [DEBUG] cheese - login => username:admin,password:123456
[2022-04-13T20:56:36.656] [DEBUG] cheese - admin
[2022-04-13T20:56:36.659] [DEBUG] cheese - null
[2022-04-13T20:56:36.659] [DEBUG] cheese - null
[2022-04-13T20:56:41.688] [DEBUG] cheese - login => username:admin,password:123456
[2022-04-13T20:56:41.688] [DEBUG] cheese - admin
[2022-04-13T20:56:41.692] [DEBUG] cheese - null
[2022-04-13T20:56:41.692] [DEBUG] cheese - null
[2022-04-13T21:02:44.782] [DEBUG] cheese - login => username:admin,password:123456
[2022-04-13T21:02:44.782] [DEBUG] cheese - admin
[2022-04-13T21:02:44.784] [DEBUG] cheese - null
[2022-04-13T21:02:44.785] [DEBUG] cheese - null
[2022-04-13T21:34:40.073] [DEBUG] cheese - login => username:admin,password:123456
[2022-04-13T21:34:40.073] [DEBUG] cheese - admin
[2022-04-13T21:34:40.075] [DEBUG] cheese - null
[2022-04-13T21:34:40.075] [DEBUG] cheese - null
[2022-04-13T21:52:38.493] [DEBUG] cheese - login => username:admin,password:123456
[2022-04-13T21:52:38.494] [DEBUG] cheese - admin
[2022-04-13T21:52:38.496] [DEBUG] cheese - null
[2022-04-13T21:52:38.496] [DEBUG] cheese - null
[2022-04-13T21:52:48.068] [DEBUG] cheese - login => username:admin,password:123456
[2022-04-13T21:52:48.068] [DEBUG] cheese - admin
[2022-04-13T21:52:48.070] [DEBUG] cheese - null
[2022-04-13T21:52:48.070] [DEBUG] cheese - null
[2022-04-14T09:01:09.780] [DEBUG] cheese - login => username:admin,password:123456
[2022-04-14T09:01:09.782] [DEBUG] cheese - admin
[2022-04-14T09:01:09.817] [DEBUG] cheese - null
[2022-04-14T09:01:09.818] [DEBUG] cheese - null
[2022-04-14T09:33:44.967] [DEBUG] cheese - login => username:admin,password:123456
[2022-04-14T09:33:44.968] [DEBUG] cheese - admin
[2022-04-14T09:33:44.970] [DEBUG] cheese - null
[2022-04-14T09:33:44.970] [DEBUG] cheese - null
[2022-04-14T13:50:44.606] [DEBUG] cheese - login => username:admin,password:123456
[2022-04-14T13:50:44.608] [DEBUG] cheese - admin
[2022-04-14T13:50:44.645] [DEBUG] cheese - null
[2022-04-14T13:50:44.646] [DEBUG] cheese - null
[2022-04-14T13:59:21.139] [DEBUG] cheese - login => username:admin,password:123456
[2022-04-14T13:59:21.139] [DEBUG] cheese - admin
[2022-04-14T13:59:21.142] [DEBUG] cheese - null
[2022-04-14T13:59:21.142] [DEBUG] cheese - null
[2022-04-14T17:59:46.954] [DEBUG] cheese - login => username:admin,password:123456
[2022-04-14T17:59:46.956] [DEBUG] cheese - admin
[2022-04-14T17:59:46.964] [DEBUG] cheese - null
[2022-04-14T17:59:46.964] [DEBUG] cheese - null
[2022-04-14T21:05:28.458] [DEBUG] cheese - null
[2022-04-14T21:10:24.353] [DEBUG] cheese - null
[2022-04-14T21:10:28.278] [DEBUG] cheese - null
[2022-04-15T14:09:09.725] [DEBUG] cheese - login => username:admin,password:123456
[2022-04-15T14:09:09.733] [DEBUG] cheese - admin
[2022-04-15T14:09:09.742] [DEBUG] cheese - null
[2022-04-15T14:09:09.742] [DEBUG] cheese - null
[2022-04-15T19:55:12.613] [DEBUG] cheese - login => username:admin,password:123456
[2022-04-15T19:55:12.630] [DEBUG] cheese - admin
[2022-04-15T19:55:12.639] [DEBUG] cheese - null
[2022-04-15T19:55:12.640] [DEBUG] cheese - null
[2022-04-16T09:30:55.665] [DEBUG] cheese - login => username:admin,password:123456
[2022-04-16T09:30:55.667] [DEBUG] cheese - admin
[2022-04-16T09:30:55.691] [DEBUG] cheese - null
[2022-04-16T09:30:55.691] [DEBUG] cheese - null
[2022-04-16T15:48:00.520] [DEBUG] cheese - login => username:admin,password:123456
[2022-04-16T15:48:00.528] [DEBUG] cheese - admin
[2022-04-16T15:48:00.538] [DEBUG] cheese - null
[2022-04-16T15:48:00.539] [DEBUG] cheese - null
[2022-04-16T21:41:22.792] [DEBUG] cheese - login => username:admin,password:123456
[2022-04-16T21:41:22.797] [DEBUG] cheese - admin
[2022-04-16T21:41:22.802] [DEBUG] cheese - login => username:admin,password:123456
[2022-04-16T21:41:22.802] [DEBUG] cheese - admin
[2022-04-16T21:41:22.804] [DEBUG] cheese - login => username:admin,password:123456
[2022-04-16T21:41:22.805] [DEBUG] cheese - admin
[2022-04-16T21:41:22.807] [DEBUG] cheese - login => username:admin,password:123456
[2022-04-16T21:41:22.807] [DEBUG] cheese - admin
[2022-04-16T21:41:22.837] [DEBUG] cheese - null
[2022-04-16T21:41:22.838] [DEBUG] cheese - null
[2022-04-16T21:41:22.914] [DEBUG] cheese - null
[2022-04-16T21:41:22.914] [DEBUG] cheese - null
[2022-04-16T21:41:22.999] [DEBUG] cheese - null
[2022-04-16T21:41:22.999] [DEBUG] cheese - null
[2022-04-16T21:41:23.086] [DEBUG] cheese - null
[2022-04-16T21:41:23.086] [DEBUG] cheese - null
[2022-04-16T21:41:35.147] [DEBUG] cheese - login => username:admin,password:123456
[2022-04-16T21:41:35.148] [DEBUG] cheese - admin
[2022-04-16T21:41:35.157] [DEBUG] cheese - null
[2022-04-16T21:41:35.158] [DEBUG] cheese - null
[2022-04-16T21:43:20.620] [DEBUG] cheese - login => username:admin,password:123456
[2022-04-16T21:43:20.623] [DEBUG] cheese - admin
[2022-04-16T21:43:20.628] [DEBUG] cheese - null
[2022-04-16T21:43:20.628] [DEBUG] cheese - null
[2022-04-17T20:14:43.246] [DEBUG] cheese - login => username:admin,password:123456
[2022-04-17T20:14:43.247] [DEBUG] cheese - admin
[2022-04-17T20:14:43.417] [DEBUG] cheese - null
[2022-04-17T20:14:43.417] [DEBUG] cheese - null
[2022-04-19T19:46:36.288] [DEBUG] cheese - login => username:admin,password:123456
[2022-04-19T19:46:36.290] [DEBUG] cheese - admin
[2022-04-19T19:46:36.442] [DEBUG] cheese - null
[2022-04-19T19:46:36.442] [DEBUG] cheese - null
[2022-04-21T13:02:41.533] [DEBUG] cheese - login => username:admin,password:123456
[2022-04-21T13:02:41.535] [DEBUG] cheese - admin
[2022-04-21T13:02:41.691] [DEBUG] cheese - null
[2022-04-21T13:02:41.691] [DEBUG] cheese - null
[2022-04-21T20:23:32.405] [DEBUG] cheese - login => username:admin,password:123456
[2022-04-21T20:23:32.413] [DEBUG] cheese - admin
[2022-04-21T20:23:32.443] [DEBUG] cheese - null
[2022-04-21T20:23:32.445] [DEBUG] cheese - null
[2022-04-22T10:41:51.282] [DEBUG] cheese - login => username:admin,password:123456
[2022-04-22T10:41:51.284] [DEBUG] cheese - admin
[2022-04-22T10:41:51.332] [DEBUG] cheese - null
[2022-04-22T10:41:51.333] [DEBUG] cheese - null
[2022-04-22T11:13:33.824] [DEBUG] cheese - null
[2022-04-22T11:27:18.066] [DEBUG] cheese - login => username:admin,password:123456
[2022-04-22T11:27:18.067] [DEBUG] cheese - admin
[2022-04-22T11:27:18.078] [DEBUG] cheese - null
[2022-04-22T11:27:18.079] [DEBUG] cheese - null
[2022-04-22T11:28:25.718] [DEBUG] cheese - login => username:admin,password:123456
[2022-04-22T11:28:25.720] [DEBUG] cheese - admin
[2022-04-22T11:28:25.733] [DEBUG] cheese - null
[2022-04-22T11:28:25.733] [DEBUG] cheese - null
[2022-04-22T19:46:50.825] [DEBUG] cheese - null
[2022-04-22T19:56:01.241] [DEBUG] cheese - null
[2022-04-22T20:17:32.240] [DEBUG] cheese - null
[2022-04-22T20:18:03.248] [DEBUG] cheese - null
[2022-04-22T20:31:43.556] [DEBUG] cheese - null
[2022-04-22T20:32:41.705] [DEBUG] cheese - null
[2022-04-22T20:34:07.572] [DEBUG] cheese - login => username:admin,password:123456
[2022-04-22T20:34:07.573] [DEBUG] cheese - admin
[2022-04-22T20:34:07.606] [DEBUG] cheese - null
[2022-04-22T20:34:07.607] [DEBUG] cheese - null
[2022-04-22T21:33:21.913] [DEBUG] cheese - null
[2022-04-22T21:33:32.829] [DEBUG] cheese - null
[2022-04-22T21:39:09.716] [DEBUG] cheese - null
[2022-04-22T21:43:29.855] [DEBUG] cheese - null
[2022-04-22T21:43:58.581] [DEBUG] cheese - null
[2022-04-22T21:44:27.763] [DEBUG] cheese - null
[2022-04-22T21:44:38.945] [DEBUG] cheese - null
[2022-04-22T21:44:44.264] [DEBUG] cheese - null
[2022-04-22T21:44:50.880] [DEBUG] cheese - null
[2022-04-22T21:44:55.160] [DEBUG] cheese - null
